{
  "stats": {
    "suites": 0,
    "tests": 3,
    "passes": 2,
    "pending": 0,
    "failures": 1,
    "start": "2021-12-02T20:03:19.231Z",
    "end": "2021-12-02T20:04:59.289Z",
    "duration": 100058,
    "testsRegistered": 3,
    "passPercent": 66.66666666666666,
    "pendingPercent": 0,
    "other": 0,
    "hasOther": false,
    "skipped": 0,
    "hasSkipped": false
  },
  "results": [
    {
      "uuid": "9644bc10-c4be-4a5f-8eed-ccadfb5fe615",
      "title": "",
      "fullFile": "",
      "file": "",
      "beforeHooks": [],
      "afterHooks": [],
      "tests": [
        {
          "title": "should return config.inputs",
          "fullTitle": "should return config.inputs",
          "timedOut": false,
          "duration": 0,
          "state": "passed",
          "speed": "fast",
          "pass": true,
          "fail": false,
          "pending": false,
          "context": null,
          "code": "var event = {\"operation\": \"config.getInputs\"}\nlambdaHandler(event, null, function(err,result){\n    \"use strict\";\n    //console.log(result)\n    expect(result.length).toBeGreaterThan(0);\n})",
          "err": {},
          "uuid": "10692efa-9743-44a2-bf38-7d191cdbead1",
          "parentUUID": "9644bc10-c4be-4a5f-8eed-ccadfb5fe615",
          "isHook": false,
          "skipped": false
        },
        {
          "title": "should return config.outputs",
          "fullTitle": "should return config.outputs",
          "timedOut": false,
          "duration": 0,
          "state": "passed",
          "speed": "fast",
          "pass": true,
          "fail": false,
          "pending": false,
          "context": null,
          "code": "var event = {\"operation\": \"config.getOutputs\"}\nlambdaHandler(event, null, function(err,result){\n    \"use strict\";\n    //console.log(result)\n    expect(result.length).toBeGreaterThan(0);\n})",
          "err": {},
          "uuid": "c708c039-c273-4329-82a5-7acae69b9501",
          "parentUUID": "9644bc10-c4be-4a5f-8eed-ccadfb5fe615",
          "isHook": false,
          "skipped": false
        },
        {
          "title": "should execute and return values",
          "fullTitle": "should execute and return values",
          "timedOut": true,
          "duration": 100052,
          "state": "failed",
          "speed": null,
          "pass": false,
          "fail": true,
          "pending": false,
          "context": null,
          "code": "this.timeout(100000);\nvar event = { \"operation\": \"runtime.execute\",\n    \"inputs\":{\n        \"requestSid\": \"33581110-7424-45d0-bd18-a4ee9df0d419\",\n        \"file\" : \"2014-04-16T19-00-17.386Z.json\",\n        \"sharePointUrl\":\"https://yourcompany.sharepoint.com\",\n        \"destinationFolder\":\"Shared Documents/Test\",\n        \"username\": \"blah\",\n        \"password\" : \"blah\"\n    },\"integrifyServiceUrl\":\"http://localhost:3500\",\n    \"accessToken\":\"20e22223855e4a5ab0e6c17e2b49d409\"\n}\nlambdaHandler(event, null, function(err,result){\n    \"use strict\";\n    //console.log(result)\n    expect(result.sharePointFileUrl).to.exist\n    done();\n})",
          "err": {
            "message": "Error: Timeout of 100000ms exceeded. For async tests and hooks, ensure \"done()\" is called; if returning a Promise, ensure it resolves. (/home/rich/integrify/public-lambda-functions/integrify-sharepoint-push/sharepoint-push/tests/unit/SharePointPush.test.js)",
            "estack": "Error: Timeout of 100000ms exceeded. For async tests and hooks, ensure \"done()\" is called; if returning a Promise, ensure it resolves. (/home/rich/integrify/public-lambda-functions/integrify-sharepoint-push/sharepoint-push/tests/unit/SharePointPush.test.js)\n    at listOnTimeout (internal/timers.js:557:17)\n    at processTimers (internal/timers.js:500:7)",
            "diff": null
          },
          "uuid": "c9ffbc28-4b7e-459f-ba4f-d24bf4c67864",
          "parentUUID": "9644bc10-c4be-4a5f-8eed-ccadfb5fe615",
          "isHook": false,
          "skipped": false
        }
      ],
      "suites": [],
      "passes": [
        "10692efa-9743-44a2-bf38-7d191cdbead1",
        "c708c039-c273-4329-82a5-7acae69b9501"
      ],
      "failures": [
        "c9ffbc28-4b7e-459f-ba4f-d24bf4c67864"
      ],
      "pending": [],
      "skipped": [],
      "duration": 100052,
      "root": true,
      "rootEmpty": false,
      "_timeout": 2000
    }
  ],
  "meta": {
    "mocha": {
      "version": "8.4.0"
    },
    "mochawesome": {
      "options": {
        "quiet": false,
        "reportFilename": "mochawesome",
        "saveHtml": true,
        "saveJson": true,
        "consoleReporter": "spec",
        "useInlineDiffs": false,
        "code": true
      },
      "version": "7.0.1"
    },
    "marge": {
      "options": null,
      "version": "6.0.1"
    }
  }
}